<?xml version="1.0" encoding="UTF-8"?>
<testng-results ignored="0" total="1" passed="1" failed="0" skipped="0">
  <reporter-output>
  </reporter-output>
  <suite started-at="2026-06-21T10:10:27 GMT-07:00" name="Suite" finished-at="2026-06-21T10:10:33 GMT-07:00" duration-ms="5959">
    <groups>
    </groups>
    <test started-at="2026-06-21T10:10:27 GMT-07:00" name="Test" finished-at="2026-06-21T10:10:33 GMT-07:00" duration-ms="5959">
      <class name="runner.TestClass">
        <test-method is-config="true" signature="setUp()[pri:0, instance:runner.TestClass@6989da5e]" started-at="2026-06-21T10:10:27 GMT-07:00" name="setUp" finished-at="2026-06-21T10:10:32 GMT-07:00" duration-ms="4795" status="PASS">
          <reporter-output>
          </reporter-output>
        </test-method> <!-- setUp -->
        <test-method signature="testRunner()[pri:0, instance:runner.TestClass@6989da5e]" started-at="2026-06-21T10:10:32 GMT-07:00" name="testRunner" finished-at="2026-06-21T10:10:33 GMT-07:00" duration-ms="745" status="PASS">
          <reporter-output>
          </reporter-output>
        </test-method> <!-- testRunner -->
        <test-method is-config="true" signature="closeBrowser()[pri:0, instance:runner.TestClass@6989da5e]" started-at="2026-06-21T10:10:33 GMT-07:00" name="closeBrowser" finished-at="2026-06-21T10:10:33 GMT-07:00" duration-ms="357" status="PASS">
          <reporter-output>
          </reporter-output>
        </test-method> <!-- closeBrowser -->
      </class> <!-- runner.TestClass -->
    </test> <!-- Test -->
  </suite> <!-- Suite -->
</testng-results>
